[INFO]  ===== Config =====
panel: ./tests/data/per_graph_tests/Compressed/1kGP_high_coverage_Illumina.chr11.filtered.SNV_INDEL_SV_phased_panel.HG00113.vcf.filtered_biallelic.frags.components_980.vcf
panel_validation_frags: ./tests/data/per_graph_tests/Compressed/1kGP_high_coverage_Illumina.chr11.filtered.SNV_INDEL_SV_phased_panel.HG00113.vcf.filtered_biallelic.frags.components_980.vcf.graph
panel_validation_vcfs: ./tests/data/per_graph_tests/Compressed/1kGP_high_coverage_Illumina.chr11.filtered.SNV_INDEL_SV_phased_panel.HG00113.vcf.filtered_biallelic.frags.components_980.vcf
min_graph_size: 1
max_graph_size: 1000
skip_trivial_graphs: True
skip_singleton_graphs: True
seed: 12345
max_episodes: None
render: False
render_view: weighted_view
num_cores: 4
interval_validate: 500
debug: True
log_wandb: False
compress: True
normalization: False
load_components: True
store_components: True
store_indexes: True
pretrained_model: None
in_dim: 1
hidden_dim: [264, 264, 264]
layer_type: gat
embedding_vars: {'num_heads': [3, 3, 3]}
gamma: 0.98
lr: 3e-05
num_layers: 3
config_file: engine/config_templates/train.yaml
experiment_dir: /Users/ebattist/workspace/dphase/engine/config_templates
device: cpu
log_dir: /Users/ebattist/workspace/dphase/engine/config_templates/logs/
out_dir: /Users/ebattist/workspace/dphase/engine/config_templates/output/
model_path: /Users/ebattist/workspace/dphase/engine/config_templates/output//dphase_model_final.pt
best_model_path: /Users/ebattist/workspace/dphase/engine/config_templates/output//dphase_model_best.pt
validation_output_vcf: /Users/ebattist/workspace/dphase/engine/config_templates/output//validation_output_vcf.vcf
log_file_main: /Users/ebattist/workspace/dphase/engine/config_templates/logs/main.log
log_file_stats_train: /Users/ebattist/workspace/dphase/engine/config_templates/logs/train_episodes_stats.csv
log_file_stats_validate: /Users/ebattist/workspace/dphase/engine/config_templates/logs/validate_episodes_stats.csv
